/nfs/home/students/ge52qoj/SFEEBoT/model_lr.py:799: UserWarning: Matplotlib is currently using agg, which is a non-GUI backend, so cannot show the figure.
  plt.show()
/nfs/home/students/ge52qoj/SFEEBoT/model_lr.py:811: UserWarning: Matplotlib is currently using agg, which is a non-GUI backend, so cannot show the figure.
  plt.show()
/nfs/home/students/ge52qoj/SFEEBoT/model_lr.py:827: UserWarning: Matplotlib is currently using agg, which is a non-GUI backend, so cannot show the figure.
  plt.show()
/nfs/home/students/ge52qoj/SFEEBoT/model_lr.py:837: UserWarning: Matplotlib is currently using agg, which is a non-GUI backend, so cannot show the figure.
  plt.show()
2022-03-11 01:18:03,818 Error fetching enrichment results: KEGG_2016
2022-03-11 01:18:09,823 Error fetching enrichment results: KEGG_2016
2022-03-11 01:18:13,353 Error fetching enrichment results: KEGG_2016
2022-03-11 01:18:17,830 Error fetching enrichment results: KEGG_2016
2022-03-11 01:18:22,016 Error fetching enrichment results: KEGG_2016
2022-03-11 01:18:26,627 Error fetching enrichment results: KEGG_2016
2022-03-11 01:18:31,248 Error fetching enrichment results: KEGG_2016
2022-03-11 01:18:36,849 Error fetching enrichment results: KEGG_2016
2022-03-11 01:18:41,686 Error fetching enrichment results: KEGG_2016
2022-03-11 01:18:46,421 Error fetching enrichment results: KEGG_2016
2022-03-11 01:18:51,019 Error fetching enrichment results: KEGG_2016
2022-03-11 01:18:54,776 Error fetching enrichment results: KEGG_2016
2022-03-11 01:18:58,193 Error fetching enrichment results: KEGG_2016
2022-03-11 01:19:01,655 Error fetching enrichment results: KEGG_2016
2022-03-11 01:19:05,245 Error fetching enrichment results: KEGG_2016
2022-03-11 01:19:08,949 Error fetching enrichment results: KEGG_2016
2022-03-11 01:19:12,466 Error fetching enrichment results: KEGG_2016
2022-03-11 01:19:15,900 Error fetching enrichment results: KEGG_2016
/nfs/home/students/ge52qoj/SFEEBoT/model_lr.py:799: UserWarning: Matplotlib is currently using agg, which is a non-GUI backend, so cannot show the figure.
  plt.show()
/nfs/home/students/ge52qoj/SFEEBoT/model_lr.py:811: UserWarning: Matplotlib is currently using agg, which is a non-GUI backend, so cannot show the figure.
  plt.show()
/nfs/home/students/ge52qoj/SFEEBoT/model_lr.py:827: UserWarning: Matplotlib is currently using agg, which is a non-GUI backend, so cannot show the figure.
  plt.show()
/nfs/home/students/ge52qoj/SFEEBoT/model_lr.py:837: UserWarning: Matplotlib is currently using agg, which is a non-GUI backend, so cannot show the figure.
  plt.show()
2022-03-11 01:19:22,124 Error fetching enrichment results: KEGG_2016
2022-03-11 01:19:25,093 Error fetching enrichment results: KEGG_2016
/nfs/home/students/ge52qoj/SFEEBoT/model_lr.py:799: UserWarning: Matplotlib is currently using agg, which is a non-GUI backend, so cannot show the figure.
  plt.show()
/nfs/home/students/ge52qoj/SFEEBoT/model_lr.py:811: UserWarning: Matplotlib is currently using agg, which is a non-GUI backend, so cannot show the figure.
  plt.show()
/nfs/home/students/ge52qoj/SFEEBoT/model_lr.py:827: UserWarning: Matplotlib is currently using agg, which is a non-GUI backend, so cannot show the figure.
  plt.show()
/nfs/home/students/ge52qoj/SFEEBoT/model_lr.py:837: UserWarning: Matplotlib is currently using agg, which is a non-GUI backend, so cannot show the figure.
  plt.show()
2022-03-11 01:19:36,479 Error fetching enrichment results: KEGG_2016
2022-03-11 01:19:40,184 Error fetching enrichment results: KEGG_2016
2022-03-11 01:19:43,650 Error fetching enrichment results: KEGG_2016
2022-03-11 01:19:47,251 Error fetching enrichment results: KEGG_2016
/nfs/home/students/ge52qoj/SFEEBoT/model_lr.py:799: UserWarning: Matplotlib is currently using agg, which is a non-GUI backend, so cannot show the figure.
  plt.show()
/nfs/home/students/ge52qoj/SFEEBoT/model_lr.py:811: UserWarning: Matplotlib is currently using agg, which is a non-GUI backend, so cannot show the figure.
  plt.show()
/nfs/home/students/ge52qoj/SFEEBoT/model_lr.py:827: UserWarning: Matplotlib is currently using agg, which is a non-GUI backend, so cannot show the figure.
  plt.show()
/nfs/home/students/ge52qoj/SFEEBoT/model_lr.py:837: UserWarning: Matplotlib is currently using agg, which is a non-GUI backend, so cannot show the figure.
  plt.show()
2022-03-11 01:20:12,323 Error fetching enrichment results: KEGG_2016
2022-03-11 01:20:16,266 Error fetching enrichment results: KEGG_2016
/nfs/home/students/ge52qoj/SFEEBoT/model_lr.py:799: UserWarning: Matplotlib is currently using agg, which is a non-GUI backend, so cannot show the figure.
  plt.show()
/nfs/home/students/ge52qoj/SFEEBoT/model_lr.py:811: UserWarning: Matplotlib is currently using agg, which is a non-GUI backend, so cannot show the figure.
  plt.show()
/nfs/home/students/ge52qoj/SFEEBoT/model_lr.py:827: UserWarning: Matplotlib is currently using agg, which is a non-GUI backend, so cannot show the figure.
  plt.show()
/nfs/home/students/ge52qoj/SFEEBoT/model_lr.py:837: UserWarning: Matplotlib is currently using agg, which is a non-GUI backend, so cannot show the figure.
  plt.show()
2022-03-11 01:20:35,183 Error fetching enrichment results: KEGG_2016
2022-03-11 01:20:39,320 Error fetching enrichment results: KEGG_2016
2022-03-11 01:20:44,180 Error fetching enrichment results: KEGG_2016
2022-03-11 01:20:53,666 Error fetching enrichment results: KEGG_2016
/nfs/home/students/ge52qoj/SFEEBoT/model_lr.py:790: RuntimeWarning: More than 20 figures have been opened. Figures created through the pyplot interface (`matplotlib.pyplot.figure`) are retained until explicitly closed and may consume too much memory. (To control this warning, see the rcParam `figure.max_open_warning`).
  plt.figure(figsize=(14, 8))
/nfs/home/students/ge52qoj/SFEEBoT/model_lr.py:799: UserWarning: Matplotlib is currently using agg, which is a non-GUI backend, so cannot show the figure.
  plt.show()
/nfs/home/students/ge52qoj/SFEEBoT/model_lr.py:811: UserWarning: Matplotlib is currently using agg, which is a non-GUI backend, so cannot show the figure.
  plt.show()
/nfs/home/students/ge52qoj/SFEEBoT/model_lr.py:827: UserWarning: Matplotlib is currently using agg, which is a non-GUI backend, so cannot show the figure.
  plt.show()
/nfs/home/students/ge52qoj/SFEEBoT/model_lr.py:837: UserWarning: Matplotlib is currently using agg, which is a non-GUI backend, so cannot show the figure.
  plt.show()
2022-03-11 01:21:23,070 Error fetching enrichment results: KEGG_2016
2022-03-11 01:21:26,441 Error fetching enrichment results: KEGG_2016
2022-03-11 01:21:30,098 Error fetching enrichment results: KEGG_2016
/nfs/home/students/ge52qoj/SFEEBoT/model_lr.py:799: UserWarning: Matplotlib is currently using agg, which is a non-GUI backend, so cannot show the figure.
  plt.show()
/nfs/home/students/ge52qoj/SFEEBoT/model_lr.py:811: UserWarning: Matplotlib is currently using agg, which is a non-GUI backend, so cannot show the figure.
  plt.show()
/nfs/home/students/ge52qoj/SFEEBoT/model_lr.py:827: UserWarning: Matplotlib is currently using agg, which is a non-GUI backend, so cannot show the figure.
  plt.show()
/nfs/home/students/ge52qoj/SFEEBoT/model_lr.py:837: UserWarning: Matplotlib is currently using agg, which is a non-GUI backend, so cannot show the figure.
  plt.show()
2022-03-11 01:21:43,706 Error fetching enrichment results: KEGG_2016
2022-03-11 01:21:47,129 Error fetching enrichment results: KEGG_2016
2022-03-11 01:21:51,442 Error fetching enrichment results: KEGG_2016
2022-03-11 01:21:54,701 Error fetching enrichment results: KEGG_2016
/nfs/home/students/ge52qoj/SFEEBoT/model_lr.py:799: UserWarning: Matplotlib is currently using agg, which is a non-GUI backend, so cannot show the figure.
  plt.show()
/nfs/home/students/ge52qoj/SFEEBoT/model_lr.py:811: UserWarning: Matplotlib is currently using agg, which is a non-GUI backend, so cannot show the figure.
  plt.show()
/nfs/home/students/ge52qoj/SFEEBoT/model_lr.py:827: UserWarning: Matplotlib is currently using agg, which is a non-GUI backend, so cannot show the figure.
  plt.show()
/nfs/home/students/ge52qoj/SFEEBoT/model_lr.py:837: UserWarning: Matplotlib is currently using agg, which is a non-GUI backend, so cannot show the figure.
  plt.show()
2022-03-11 01:22:14,549 Error fetching enrichment results: KEGG_2016
2022-03-11 01:22:36,844 Error fetching enrichment results: KEGG_2016
2022-03-11 01:22:40,276 Error fetching enrichment results: KEGG_2016
2022-03-11 01:22:46,864 Error fetching enrichment results: KEGG_2016
2022-03-11 01:22:53,717 Error fetching enrichment results: KEGG_2016
2022-03-11 01:23:00,412 Error fetching enrichment results: KEGG_2016
2022-03-11 01:23:03,696 Error fetching enrichment results: KEGG_2016
2022-03-11 01:23:17,310 Error fetching enrichment results: KEGG_2016
/nfs/home/students/ge52qoj/SFEEBoT/model_lr.py:799: UserWarning: Matplotlib is currently using agg, which is a non-GUI backend, so cannot show the figure.
  plt.show()
/nfs/home/students/ge52qoj/SFEEBoT/model_lr.py:811: UserWarning: Matplotlib is currently using agg, which is a non-GUI backend, so cannot show the figure.
  plt.show()
/nfs/home/students/ge52qoj/SFEEBoT/model_lr.py:827: UserWarning: Matplotlib is currently using agg, which is a non-GUI backend, so cannot show the figure.
  plt.show()
/nfs/home/students/ge52qoj/SFEEBoT/model_lr.py:837: UserWarning: Matplotlib is currently using agg, which is a non-GUI backend, so cannot show the figure.
  plt.show()
2022-03-11 01:23:42,580 Error fetching enrichment results: KEGG_2016
2022-03-11 01:23:45,726 Error fetching enrichment results: KEGG_2016
2022-03-11 01:23:49,341 Error fetching enrichment results: KEGG_2016
2022-03-11 01:23:53,106 Error fetching enrichment results: KEGG_2016
2022-03-11 01:23:56,896 Error fetching enrichment results: KEGG_2016
/nfs/home/students/ge52qoj/SFEEBoT/model_lr.py:799: UserWarning: Matplotlib is currently using agg, which is a non-GUI backend, so cannot show the figure.
  plt.show()
/nfs/home/students/ge52qoj/SFEEBoT/model_lr.py:811: UserWarning: Matplotlib is currently using agg, which is a non-GUI backend, so cannot show the figure.
  plt.show()
/nfs/home/students/ge52qoj/SFEEBoT/model_lr.py:827: UserWarning: Matplotlib is currently using agg, which is a non-GUI backend, so cannot show the figure.
  plt.show()
/nfs/home/students/ge52qoj/SFEEBoT/model_lr.py:837: UserWarning: Matplotlib is currently using agg, which is a non-GUI backend, so cannot show the figure.
  plt.show()
2022-03-11 01:24:06,012 Error fetching enrichment results: KEGG_2016
2022-03-11 01:24:10,665 Error fetching enrichment results: KEGG_2016
2022-03-11 01:24:14,988 Error fetching enrichment results: KEGG_2016
2022-03-11 01:24:19,025 Error fetching enrichment results: KEGG_2016
2022-03-11 01:24:24,743 Error fetching enrichment results: KEGG_2016
2022-03-11 01:24:29,092 Error fetching enrichment results: KEGG_2016
2022-03-11 01:24:32,590 Error fetching enrichment results: KEGG_2016
2022-03-11 01:24:36,021 Error fetching enrichment results: KEGG_2016
2022-03-11 01:24:39,300 Error fetching enrichment results: KEGG_2016
2022-03-11 01:24:42,952 Error fetching enrichment results: KEGG_2016
2022-03-11 01:24:46,379 Error fetching enrichment results: KEGG_2016
2022-03-11 01:24:49,966 Error fetching enrichment results: KEGG_2016
2022-03-11 01:24:53,350 Error fetching enrichment results: KEGG_2016
2022-03-11 01:24:56,795 Error fetching enrichment results: KEGG_2016
2022-03-11 01:25:00,368 Error fetching enrichment results: KEGG_2016
2022-03-11 01:25:03,671 Error fetching enrichment results: KEGG_2016
2022-03-11 01:25:06,975 Error fetching enrichment results: KEGG_2016
2022-03-11 01:25:10,476 Error fetching enrichment results: KEGG_2016
2022-03-11 01:25:13,958 Error fetching enrichment results: KEGG_2016
2022-03-11 01:25:17,652 Error fetching enrichment results: KEGG_2016
2022-03-11 01:25:20,988 Error fetching enrichment results: KEGG_2016
2022-03-11 01:25:24,625 Error fetching enrichment results: KEGG_2016
2022-03-11 01:25:27,946 Error fetching enrichment results: KEGG_2016
2022-03-11 01:25:31,304 Error fetching enrichment results: KEGG_2016
2022-03-11 01:25:35,096 Error fetching enrichment results: KEGG_2016
2022-03-11 01:25:40,448 Error fetching enrichment results: KEGG_2016
2022-03-11 01:25:43,745 Error fetching enrichment results: KEGG_2016
2022-03-11 01:25:47,426 Error fetching enrichment results: KEGG_2016
2022-03-11 01:25:52,217 Error fetching enrichment results: KEGG_2016
2022-03-11 01:25:57,067 Error fetching enrichment results: KEGG_2016
2022-03-11 01:26:01,657 Error fetching enrichment results: KEGG_2016
/nfs/home/students/ge52qoj/SFEEBoT/model_lr.py:799: UserWarning: Matplotlib is currently using agg, which is a non-GUI backend, so cannot show the figure.
  plt.show()
/nfs/home/students/ge52qoj/SFEEBoT/model_lr.py:811: UserWarning: Matplotlib is currently using agg, which is a non-GUI backend, so cannot show the figure.
  plt.show()
/nfs/home/students/ge52qoj/SFEEBoT/model_lr.py:827: UserWarning: Matplotlib is currently using agg, which is a non-GUI backend, so cannot show the figure.
  plt.show()
/nfs/home/students/ge52qoj/SFEEBoT/model_lr.py:837: UserWarning: Matplotlib is currently using agg, which is a non-GUI backend, so cannot show the figure.
  plt.show()
/nfs/home/students/ge52qoj/SFEEBoT/model_lr.py:799: UserWarning: Matplotlib is currently using agg, which is a non-GUI backend, so cannot show the figure.
  plt.show()
/nfs/home/students/ge52qoj/SFEEBoT/model_lr.py:811: UserWarning: Matplotlib is currently using agg, which is a non-GUI backend, so cannot show the figure.
  plt.show()
/nfs/home/students/ge52qoj/SFEEBoT/model_lr.py:827: UserWarning: Matplotlib is currently using agg, which is a non-GUI backend, so cannot show the figure.
  plt.show()
/nfs/home/students/ge52qoj/SFEEBoT/model_lr.py:837: UserWarning: Matplotlib is currently using agg, which is a non-GUI backend, so cannot show the figure.
  plt.show()
2022-03-11 01:26:16,608 Error fetching enrichment results: KEGG_2016
2022-03-11 01:26:20,880 Error fetching enrichment results: KEGG_2016
2022-03-11 01:26:25,950 Error fetching enrichment results: KEGG_2016
2022-03-11 01:26:29,444 Error fetching enrichment results: KEGG_2016
2022-03-11 01:26:32,835 Error fetching enrichment results: KEGG_2016
2022-03-11 01:26:36,463 Error fetching enrichment results: KEGG_2016
2022-03-11 01:26:40,087 Error fetching enrichment results: KEGG_2016
2022-03-11 01:26:43,796 Error fetching enrichment results: KEGG_2016
2022-03-11 01:26:47,639 Error fetching enrichment results: KEGG_2016
2022-03-11 01:26:51,051 Error fetching enrichment results: KEGG_2016
2022-03-11 01:26:55,026 Error fetching enrichment results: KEGG_2016
2022-03-11 01:26:58,435 Error fetching enrichment results: KEGG_2016
2022-03-11 01:27:01,796 Error fetching enrichment results: KEGG_2016
2022-03-11 01:27:05,538 Error fetching enrichment results: KEGG_2016
2022-03-11 01:27:08,988 Error fetching enrichment results: KEGG_2016
2022-03-11 01:27:12,575 Error fetching enrichment results: KEGG_2016
2022-03-11 01:27:16,337 Error fetching enrichment results: KEGG_2016
2022-03-11 01:27:19,907 Error fetching enrichment results: KEGG_2016
2022-03-11 01:27:23,597 Error fetching enrichment results: KEGG_2016
2022-03-11 01:27:26,995 Error fetching enrichment results: KEGG_2016
/nfs/home/students/ge52qoj/SFEEBoT/model_lr.py:799: UserWarning: Matplotlib is currently using agg, which is a non-GUI backend, so cannot show the figure.
  plt.show()
/nfs/home/students/ge52qoj/SFEEBoT/model_lr.py:811: UserWarning: Matplotlib is currently using agg, which is a non-GUI backend, so cannot show the figure.
  plt.show()
/nfs/home/students/ge52qoj/SFEEBoT/model_lr.py:827: UserWarning: Matplotlib is currently using agg, which is a non-GUI backend, so cannot show the figure.
  plt.show()
/nfs/home/students/ge52qoj/SFEEBoT/model_lr.py:837: UserWarning: Matplotlib is currently using agg, which is a non-GUI backend, so cannot show the figure.
  plt.show()
2022-03-11 01:27:34,200 Error fetching enrichment results: KEGG_2016
2022-03-11 01:27:38,120 Error fetching enrichment results: KEGG_2016
/nfs/home/students/ge52qoj/SFEEBoT/model_lr.py:799: UserWarning: Matplotlib is currently using agg, which is a non-GUI backend, so cannot show the figure.
  plt.show()
/nfs/home/students/ge52qoj/SFEEBoT/model_lr.py:811: UserWarning: Matplotlib is currently using agg, which is a non-GUI backend, so cannot show the figure.
  plt.show()
/nfs/home/students/ge52qoj/SFEEBoT/model_lr.py:827: UserWarning: Matplotlib is currently using agg, which is a non-GUI backend, so cannot show the figure.
  plt.show()
/nfs/home/students/ge52qoj/SFEEBoT/model_lr.py:837: UserWarning: Matplotlib is currently using agg, which is a non-GUI backend, so cannot show the figure.
  plt.show()
2022-03-11 01:27:45,417 Error fetching enrichment results: KEGG_2016
2022-03-11 01:27:50,218 Error fetching enrichment results: KEGG_2016
2022-03-11 01:27:54,616 Error fetching enrichment results: KEGG_2016
2022-03-11 01:27:59,853 Error fetching enrichment results: KEGG_2016
2022-03-11 01:28:04,530 Error fetching enrichment results: KEGG_2016
2022-03-11 01:28:08,882 Error fetching enrichment results: KEGG_2016
2022-03-11 01:28:13,467 Error fetching enrichment results: KEGG_2016
2022-03-11 01:28:18,150 Error fetching enrichment results: KEGG_2016
2022-03-11 01:28:22,283 Error fetching enrichment results: KEGG_2016
2022-03-11 01:28:27,182 Error fetching enrichment results: KEGG_2016
2022-03-11 01:28:31,441 Error fetching enrichment results: KEGG_2016
2022-03-11 01:28:34,858 Error fetching enrichment results: KEGG_2016
/nfs/home/students/ge52qoj/SFEEBoT/model_lr.py:799: UserWarning: Matplotlib is currently using agg, which is a non-GUI backend, so cannot show the figure.
  plt.show()
/nfs/home/students/ge52qoj/SFEEBoT/model_lr.py:811: UserWarning: Matplotlib is currently using agg, which is a non-GUI backend, so cannot show the figure.
  plt.show()
/nfs/home/students/ge52qoj/SFEEBoT/model_lr.py:827: UserWarning: Matplotlib is currently using agg, which is a non-GUI backend, so cannot show the figure.
  plt.show()
/nfs/home/students/ge52qoj/SFEEBoT/model_lr.py:837: UserWarning: Matplotlib is currently using agg, which is a non-GUI backend, so cannot show the figure.
  plt.show()
2022-03-11 01:28:55,734 Error fetching enrichment results: KEGG_2016
2022-03-11 01:28:59,165 Error fetching enrichment results: KEGG_2016
2022-03-11 01:29:02,543 Error fetching enrichment results: KEGG_2016
2022-03-11 01:29:06,142 Error fetching enrichment results: KEGG_2016
2022-03-11 01:29:09,474 Error fetching enrichment results: KEGG_2016
2022-03-11 01:29:12,826 Error fetching enrichment results: KEGG_2016
2022-03-11 01:29:16,559 Error fetching enrichment results: KEGG_2016
2022-03-11 01:29:19,890 Error fetching enrichment results: KEGG_2016
2022-03-11 01:29:23,398 Error fetching enrichment results: KEGG_2016
2022-03-11 01:29:27,122 Error fetching enrichment results: KEGG_2016
2022-03-11 01:29:30,470 Error fetching enrichment results: KEGG_2016
2022-03-11 01:29:33,774 Error fetching enrichment results: KEGG_2016
2022-03-11 01:29:37,463 Error fetching enrichment results: KEGG_2016
2022-03-11 01:29:41,460 Error fetching enrichment results: KEGG_2016
2022-03-11 01:29:45,535 Error fetching enrichment results: KEGG_2016
/nfs/home/students/ge52qoj/SFEEBoT/model_lr.py:799: UserWarning: Matplotlib is currently using agg, which is a non-GUI backend, so cannot show the figure.
  plt.show()
/nfs/home/students/ge52qoj/SFEEBoT/model_lr.py:811: UserWarning: Matplotlib is currently using agg, which is a non-GUI backend, so cannot show the figure.
  plt.show()
2022-03-11 01:29:54,605 Error fetching enrichment results: KEGG_2016
2022-03-11 01:29:57,835 Error fetching enrichment results: KEGG_2016
/nfs/home/students/ge52qoj/SFEEBoT/model_lr.py:799: UserWarning: Matplotlib is currently using agg, which is a non-GUI backend, so cannot show the figure.
  plt.show()
/nfs/home/students/ge52qoj/SFEEBoT/model_lr.py:811: UserWarning: Matplotlib is currently using agg, which is a non-GUI backend, so cannot show the figure.
  plt.show()
/nfs/home/students/ge52qoj/SFEEBoT/model_lr.py:827: UserWarning: Matplotlib is currently using agg, which is a non-GUI backend, so cannot show the figure.
  plt.show()
/nfs/home/students/ge52qoj/SFEEBoT/model_lr.py:837: UserWarning: Matplotlib is currently using agg, which is a non-GUI backend, so cannot show the figure.
  plt.show()
2022-03-11 01:30:07,080 Error fetching enrichment results: KEGG_2016
2022-03-11 01:30:11,510 Error fetching enrichment results: KEGG_2016
2022-03-11 01:30:15,866 Error fetching enrichment results: KEGG_2016
2022-03-11 01:30:19,269 Error fetching enrichment results: KEGG_2016
2022-03-11 01:30:22,577 Error fetching enrichment results: KEGG_2016
2022-03-11 01:30:26,009 Error fetching enrichment results: KEGG_2016
2022-03-11 01:30:29,523 Error fetching enrichment results: KEGG_2016
/nfs/home/students/ge52qoj/SFEEBoT/model_lr.py:799: UserWarning: Matplotlib is currently using agg, which is a non-GUI backend, so cannot show the figure.
  plt.show()
/nfs/home/students/ge52qoj/SFEEBoT/model_lr.py:811: UserWarning: Matplotlib is currently using agg, which is a non-GUI backend, so cannot show the figure.
  plt.show()
/nfs/home/students/ge52qoj/SFEEBoT/model_lr.py:827: UserWarning: Matplotlib is currently using agg, which is a non-GUI backend, so cannot show the figure.
  plt.show()
/nfs/home/students/ge52qoj/SFEEBoT/model_lr.py:837: UserWarning: Matplotlib is currently using agg, which is a non-GUI backend, so cannot show the figure.
  plt.show()
2022-03-11 01:30:48,603 Error fetching enrichment results: KEGG_2016
2022-03-11 01:30:51,820 Error fetching enrichment results: KEGG_2016
2022-03-11 01:30:55,533 Error fetching enrichment results: KEGG_2016
2022-03-11 01:30:58,765 Error fetching enrichment results: KEGG_2016
2022-03-11 01:31:02,198 Error fetching enrichment results: KEGG_2016
2022-03-11 01:31:05,891 Error fetching enrichment results: KEGG_2016
2022-03-11 01:31:09,305 Error fetching enrichment results: KEGG_2016
2022-03-11 01:31:12,760 Error fetching enrichment results: KEGG_2016
2022-03-11 01:31:16,354 Error fetching enrichment results: KEGG_2016
/nfs/home/students/ge52qoj/SFEEBoT/model_lr.py:799: UserWarning: Matplotlib is currently using agg, which is a non-GUI backend, so cannot show the figure.
  plt.show()
/nfs/home/students/ge52qoj/SFEEBoT/model_lr.py:811: UserWarning: Matplotlib is currently using agg, which is a non-GUI backend, so cannot show the figure.
  plt.show()
/nfs/home/students/ge52qoj/SFEEBoT/model_lr.py:827: UserWarning: Matplotlib is currently using agg, which is a non-GUI backend, so cannot show the figure.
  plt.show()
/nfs/home/students/ge52qoj/SFEEBoT/model_lr.py:837: UserWarning: Matplotlib is currently using agg, which is a non-GUI backend, so cannot show the figure.
  plt.show()
2022-03-11 01:31:48,159 Error fetching enrichment results: KEGG_2016
2022-03-11 01:31:52,464 Error fetching enrichment results: KEGG_2016
2022-03-11 01:31:56,775 Error fetching enrichment results: KEGG_2016
2022-03-11 01:32:02,048 Error fetching enrichment results: KEGG_2016
2022-03-11 01:32:07,051 Error fetching enrichment results: KEGG_2016
2022-03-11 01:32:12,130 Error fetching enrichment results: KEGG_2016
2022-03-11 01:32:15,661 Error fetching enrichment results: KEGG_2016
2022-03-11 01:32:18,999 Error fetching enrichment results: KEGG_2016
2022-03-11 01:32:22,566 Error fetching enrichment results: KEGG_2016
/nfs/home/students/ge52qoj/SFEEBoT/model_lr.py:799: UserWarning: Matplotlib is currently using agg, which is a non-GUI backend, so cannot show the figure.
  plt.show()
/nfs/home/students/ge52qoj/SFEEBoT/model_lr.py:811: UserWarning: Matplotlib is currently using agg, which is a non-GUI backend, so cannot show the figure.
  plt.show()
/nfs/home/students/ge52qoj/SFEEBoT/model_lr.py:827: UserWarning: Matplotlib is currently using agg, which is a non-GUI backend, so cannot show the figure.
  plt.show()
/nfs/home/students/ge52qoj/SFEEBoT/model_lr.py:837: UserWarning: Matplotlib is currently using agg, which is a non-GUI backend, so cannot show the figure.
  plt.show()
/nfs/home/students/ge52qoj/SFEEBoT/model_lr.py:799: UserWarning: Matplotlib is currently using agg, which is a non-GUI backend, so cannot show the figure.
  plt.show()
/nfs/home/students/ge52qoj/SFEEBoT/model_lr.py:811: UserWarning: Matplotlib is currently using agg, which is a non-GUI backend, so cannot show the figure.
  plt.show()
/nfs/home/students/ge52qoj/SFEEBoT/model_lr.py:827: UserWarning: Matplotlib is currently using agg, which is a non-GUI backend, so cannot show the figure.
  plt.show()
/nfs/home/students/ge52qoj/SFEEBoT/model_lr.py:837: UserWarning: Matplotlib is currently using agg, which is a non-GUI backend, so cannot show the figure.
  plt.show()
/nfs/home/students/ge52qoj/SFEEBoT/model_lr.py:799: UserWarning: Matplotlib is currently using agg, which is a non-GUI backend, so cannot show the figure.
  plt.show()
/nfs/home/students/ge52qoj/SFEEBoT/model_lr.py:811: UserWarning: Matplotlib is currently using agg, which is a non-GUI backend, so cannot show the figure.
  plt.show()
/nfs/home/students/ge52qoj/SFEEBoT/model_lr.py:827: UserWarning: Matplotlib is currently using agg, which is a non-GUI backend, so cannot show the figure.
  plt.show()
/nfs/home/students/ge52qoj/SFEEBoT/model_lr.py:837: UserWarning: Matplotlib is currently using agg, which is a non-GUI backend, so cannot show the figure.
  plt.show()
2022-03-11 01:32:49,352 Error fetching enrichment results: KEGG_2016
2022-03-11 01:32:56,701 Error fetching enrichment results: KEGG_2016
2022-03-11 01:33:07,322 Error fetching enrichment results: KEGG_2016
2022-03-11 01:33:17,577 Error fetching enrichment results: KEGG_2016
2022-03-11 01:33:21,344 Error fetching enrichment results: KEGG_2016
2022-03-11 01:33:26,036 Error fetching enrichment results: KEGG_2016
2022-03-11 01:33:33,036 Error fetching enrichment results: KEGG_2016
2022-03-11 01:33:37,620 Error fetching enrichment results: KEGG_2016
/nfs/home/students/ge52qoj/SFEEBoT/model_lr.py:799: UserWarning: Matplotlib is currently using agg, which is a non-GUI backend, so cannot show the figure.
  plt.show()
/nfs/home/students/ge52qoj/SFEEBoT/model_lr.py:811: UserWarning: Matplotlib is currently using agg, which is a non-GUI backend, so cannot show the figure.
  plt.show()
/nfs/home/students/ge52qoj/SFEEBoT/model_lr.py:799: UserWarning: Matplotlib is currently using agg, which is a non-GUI backend, so cannot show the figure.
  plt.show()
/nfs/home/students/ge52qoj/SFEEBoT/model_lr.py:811: UserWarning: Matplotlib is currently using agg, which is a non-GUI backend, so cannot show the figure.
  plt.show()
/nfs/home/students/ge52qoj/SFEEBoT/model_lr.py:827: UserWarning: Matplotlib is currently using agg, which is a non-GUI backend, so cannot show the figure.
  plt.show()
/nfs/home/students/ge52qoj/SFEEBoT/model_lr.py:837: UserWarning: Matplotlib is currently using agg, which is a non-GUI backend, so cannot show the figure.
  plt.show()
2022-03-11 01:34:32,783 Error fetching enrichment results: KEGG_2016
2022-03-11 01:34:36,311 Error fetching enrichment results: KEGG_2016
2022-03-11 01:34:39,747 Error fetching enrichment results: KEGG_2016
2022-03-11 01:34:43,166 Error fetching enrichment results: KEGG_2016
2022-03-11 01:34:46,694 Error fetching enrichment results: KEGG_2016
2022-03-11 01:34:50,440 Error fetching enrichment results: KEGG_2016
2022-03-11 01:34:54,110 Error fetching enrichment results: KEGG_2016
2022-03-11 01:34:57,689 Error fetching enrichment results: KEGG_2016
2022-03-11 01:35:01,198 Error fetching enrichment results: KEGG_2016
2022-03-11 01:35:04,838 Error fetching enrichment results: KEGG_2016
2022-03-11 01:35:08,363 Error fetching enrichment results: KEGG_2016
2022-03-11 01:35:12,323 Error fetching enrichment results: KEGG_2016
2022-03-11 01:35:15,851 Error fetching enrichment results: KEGG_2016
2022-03-11 01:35:19,796 Error fetching enrichment results: KEGG_2016
2022-03-11 01:35:23,220 Error fetching enrichment results: KEGG_2016
2022-03-11 01:35:26,737 Error fetching enrichment results: KEGG_2016
/nfs/home/students/ge52qoj/SFEEBoT/model_lr.py:799: UserWarning: Matplotlib is currently using agg, which is a non-GUI backend, so cannot show the figure.
  plt.show()
/nfs/home/students/ge52qoj/SFEEBoT/model_lr.py:811: UserWarning: Matplotlib is currently using agg, which is a non-GUI backend, so cannot show the figure.
  plt.show()
/nfs/home/students/ge52qoj/SFEEBoT/model_lr.py:827: UserWarning: Matplotlib is currently using agg, which is a non-GUI backend, so cannot show the figure.
  plt.show()
/nfs/home/students/ge52qoj/SFEEBoT/model_lr.py:837: UserWarning: Matplotlib is currently using agg, which is a non-GUI backend, so cannot show the figure.
  plt.show()
2022-03-11 01:35:36,503 Error fetching enrichment results: KEGG_2016
2022-03-11 01:35:40,401 Error fetching enrichment results: KEGG_2016
2022-03-11 01:35:49,348 Error fetching enrichment results: KEGG_2016
/nfs/home/students/ge52qoj/SFEEBoT/model_lr.py:799: UserWarning: Matplotlib is currently using agg, which is a non-GUI backend, so cannot show the figure.
  plt.show()
/nfs/home/students/ge52qoj/SFEEBoT/model_lr.py:811: UserWarning: Matplotlib is currently using agg, which is a non-GUI backend, so cannot show the figure.
  plt.show()
/nfs/home/students/ge52qoj/SFEEBoT/model_lr.py:827: UserWarning: Matplotlib is currently using agg, which is a non-GUI backend, so cannot show the figure.
  plt.show()
/nfs/home/students/ge52qoj/SFEEBoT/model_lr.py:837: UserWarning: Matplotlib is currently using agg, which is a non-GUI backend, so cannot show the figure.
  plt.show()
2022-03-11 01:36:10,564 Error fetching enrichment results: KEGG_2016
2022-03-11 01:36:23,940 Error fetching enrichment results: KEGG_2016
2022-03-11 01:36:27,249 Error fetching enrichment results: KEGG_2016
2022-03-11 01:36:45,162 Error fetching enrichment results: KEGG_2016
2022-03-11 01:36:48,592 Error fetching enrichment results: KEGG_2016
/nfs/home/students/ge52qoj/SFEEBoT/model_lr.py:799: UserWarning: Matplotlib is currently using agg, which is a non-GUI backend, so cannot show the figure.
  plt.show()
/nfs/home/students/ge52qoj/SFEEBoT/model_lr.py:811: UserWarning: Matplotlib is currently using agg, which is a non-GUI backend, so cannot show the figure.
  plt.show()
/nfs/home/students/ge52qoj/SFEEBoT/model_lr.py:827: UserWarning: Matplotlib is currently using agg, which is a non-GUI backend, so cannot show the figure.
  plt.show()
/nfs/home/students/ge52qoj/SFEEBoT/model_lr.py:837: UserWarning: Matplotlib is currently using agg, which is a non-GUI backend, so cannot show the figure.
  plt.show()
2022-03-11 01:37:18,220 Error fetching enrichment results: KEGG_2016
2022-03-11 01:37:21,541 Error fetching enrichment results: KEGG_2016
2022-03-11 01:37:24,830 Error fetching enrichment results: KEGG_2016
2022-03-11 01:37:29,386 Error fetching enrichment results: KEGG_2016
2022-03-11 01:37:34,404 Error fetching enrichment results: KEGG_2016
2022-03-11 01:37:39,168 Error fetching enrichment results: KEGG_2016
2022-03-11 01:37:43,043 Error fetching enrichment results: KEGG_2016
2022-03-11 01:37:47,207 Error fetching enrichment results: KEGG_2016
2022-03-11 01:37:52,318 Error fetching enrichment results: KEGG_2016
2022-03-11 01:37:56,785 Error fetching enrichment results: KEGG_2016
2022-03-11 01:38:00,091 Error fetching enrichment results: KEGG_2016
2022-03-11 01:38:03,430 Error fetching enrichment results: KEGG_2016
2022-03-11 01:38:07,108 Error fetching enrichment results: KEGG_2016
2022-03-11 01:38:10,557 Error fetching enrichment results: KEGG_2016
2022-03-11 01:38:13,935 Error fetching enrichment results: KEGG_2016
2022-03-11 01:38:17,248 Error fetching enrichment results: KEGG_2016
2022-03-11 01:38:20,821 Error fetching enrichment results: KEGG_2016
2022-03-11 01:38:24,322 Error fetching enrichment results: KEGG_2016
2022-03-11 01:38:27,604 Error fetching enrichment results: KEGG_2016
2022-03-11 01:38:31,145 Error fetching enrichment results: KEGG_2016
2022-03-11 01:38:34,808 Error fetching enrichment results: KEGG_2016
/nfs/home/students/ge52qoj/SFEEBoT/model_lr.py:799: UserWarning: Matplotlib is currently using agg, which is a non-GUI backend, so cannot show the figure.
  plt.show()
/nfs/home/students/ge52qoj/SFEEBoT/model_lr.py:811: UserWarning: Matplotlib is currently using agg, which is a non-GUI backend, so cannot show the figure.
  plt.show()
/nfs/home/students/ge52qoj/SFEEBoT/model_lr.py:827: UserWarning: Matplotlib is currently using agg, which is a non-GUI backend, so cannot show the figure.
  plt.show()
/nfs/home/students/ge52qoj/SFEEBoT/model_lr.py:837: UserWarning: Matplotlib is currently using agg, which is a non-GUI backend, so cannot show the figure.
  plt.show()
2022-03-11 01:38:44,256 Error fetching enrichment results: KEGG_2016
2022-03-11 01:38:47,583 Error fetching enrichment results: KEGG_2016
2022-03-11 01:38:50,761 Error fetching enrichment results: KEGG_2016
/nfs/home/students/ge52qoj/SFEEBoT/model_lr.py:799: UserWarning: Matplotlib is currently using agg, which is a non-GUI backend, so cannot show the figure.
  plt.show()
/nfs/home/students/ge52qoj/SFEEBoT/model_lr.py:811: UserWarning: Matplotlib is currently using agg, which is a non-GUI backend, so cannot show the figure.
  plt.show()
2022-03-11 01:38:57,804 Error fetching enrichment results: KEGG_2016
2022-03-11 01:39:00,648 Error fetching enrichment results: KEGG_2016
/nfs/home/students/ge52qoj/SFEEBoT/model_lr.py:799: UserWarning: Matplotlib is currently using agg, which is a non-GUI backend, so cannot show the figure.
  plt.show()
/nfs/home/students/ge52qoj/SFEEBoT/model_lr.py:811: UserWarning: Matplotlib is currently using agg, which is a non-GUI backend, so cannot show the figure.
  plt.show()
/nfs/home/students/ge52qoj/SFEEBoT/model_lr.py:827: UserWarning: Matplotlib is currently using agg, which is a non-GUI backend, so cannot show the figure.
  plt.show()
/nfs/home/students/ge52qoj/SFEEBoT/model_lr.py:837: UserWarning: Matplotlib is currently using agg, which is a non-GUI backend, so cannot show the figure.
  plt.show()
2022-03-11 01:39:15,736 Error fetching enrichment results: KEGG_2016
2022-03-11 01:39:19,024 Error fetching enrichment results: KEGG_2016
2022-03-11 01:39:26,200 Error fetching enrichment results: KEGG_2016
2022-03-11 01:39:30,625 Error fetching enrichment results: KEGG_2016
2022-03-11 01:39:43,858 Error fetching enrichment results: KEGG_2016
2022-03-11 01:39:48,110 Error fetching enrichment results: KEGG_2016
2022-03-11 01:39:58,098 Error fetching enrichment results: KEGG_2016
2022-03-11 01:40:01,572 Error fetching enrichment results: KEGG_2016
2022-03-11 01:40:08,475 Error fetching enrichment results: KEGG_2016
2022-03-11 01:40:11,766 Error fetching enrichment results: KEGG_2016
2022-03-11 01:40:15,208 Error fetching enrichment results: KEGG_2016
/nfs/home/students/ge52qoj/SFEEBoT/model_lr.py:927: UserWarning: Matplotlib is currently using agg, which is a non-GUI backend, so cannot show the figure.
  plt.show()
/nfs/home/students/ge52qoj/SFEEBoT/model_lr.py:939: UserWarning: Matplotlib is currently using agg, which is a non-GUI backend, so cannot show the figure.
  plt.show()
/nfs/home/students/ge52qoj/SFEEBoT/model_lr.py:957: UserWarning: Matplotlib is currently using agg, which is a non-GUI backend, so cannot show the figure.
  plt.show()
/nfs/home/students/ge52qoj/SFEEBoT/model_lr.py:969: UserWarning: Matplotlib is currently using agg, which is a non-GUI backend, so cannot show the figure.
  plt.show()
